<?xml version="1.0" encoding="UTF-8"?>
<testng-results ignored="0" total="2" passed="2" failed="0" skipped="0">
  <reporter-output>
  </reporter-output>
  <suite started-at="2026-03-25T16:52:15 IST" name="Grid Suite" finished-at="2026-03-25T16:52:32 IST" duration-ms="16922">
    <groups>
    </groups>
    <test started-at="2026-03-25T16:52:15 IST" name="Chrome_Test" finished-at="2026-03-25T16:52:22 IST" duration-ms="7303">
      <class name="demo.GridLoginTest">
        <test-method is-config="true" signature="setUp(java.lang.String,java.lang.String)[pri:0, instance:demo.GridLoginTest@1bd4fdd]" started-at="2026-03-25T16:52:15 IST" name="setUp" finished-at="2026-03-25T16:52:19 IST" duration-ms="3966" status="PASS">
          <params>
            <param index="0">
              <value>
                <![CDATA[chrome]]>
              </value>
            </param>
            <param index="1">
              <value>
                <![CDATA[http://172.21.224.84:4444/]]>
              </value>
            </param>
          </params>
          <reporter-output>
          </reporter-output>
        </test-method> <!-- setUp -->
        <test-method signature="openHomePageAndVerifyTitle()[pri:0, instance:demo.GridLoginTest@1bd4fdd]" started-at="2026-03-25T16:52:19 IST" name="openHomePageAndVerifyTitle" finished-at="2026-03-25T16:52:21 IST" duration-ms="2548" status="PASS">
          <reporter-output>
          </reporter-output>
        </test-method> <!-- openHomePageAndVerifyTitle -->
        <test-method is-config="true" signature="tearDown()[pri:0, instance:demo.GridLoginTest@1bd4fdd]" started-at="2026-03-25T16:52:21 IST" name="tearDown" finished-at="2026-03-25T16:52:22 IST" duration-ms="750" status="PASS">
          <reporter-output>
          </reporter-output>
        </test-method> <!-- tearDown -->
      </class> <!-- demo.GridLoginTest -->
    </test> <!-- Chrome_Test -->
    <test started-at="2026-03-25T16:52:15 IST" name="Firefox_Test" finished-at="2026-03-25T16:52:32 IST" duration-ms="16922">
      <class name="demo.GridLoginTest">
        <test-method is-config="true" signature="setUp(java.lang.String,java.lang.String)[pri:0, instance:demo.GridLoginTest@10683d9d]" started-at="2026-03-25T16:52:15 IST" name="setUp" finished-at="2026-03-25T16:52:25 IST" duration-ms="9901" status="PASS">
          <params>
            <param index="0">
              <value>
                <![CDATA[firefox]]>
              </value>
            </param>
            <param index="1">
              <value>
                <![CDATA[http://172.21.224.84:4444/]]>
              </value>
            </param>
          </params>
          <reporter-output>
          </reporter-output>
        </test-method> <!-- setUp -->
        <test-method signature="openHomePageAndVerifyTitle()[pri:0, instance:demo.GridLoginTest@10683d9d]" started-at="2026-03-25T16:52:25 IST" name="openHomePageAndVerifyTitle" finished-at="2026-03-25T16:52:26 IST" duration-ms="1765" status="PASS">
          <reporter-output>
          </reporter-output>
        </test-method> <!-- openHomePageAndVerifyTitle -->
        <test-method is-config="true" signature="tearDown()[pri:0, instance:demo.GridLoginTest@10683d9d]" started-at="2026-03-25T16:52:26 IST" name="tearDown" finished-at="2026-03-25T16:52:32 IST" duration-ms="5221" status="PASS">
          <reporter-output>
          </reporter-output>
        </test-method> <!-- tearDown -->
      </class> <!-- demo.GridLoginTest -->
    </test> <!-- Firefox_Test -->
  </suite> <!-- Grid Suite -->
</testng-results>
